<?xml version="1.0" encoding="UTF-8"?>
<coverage generated="1743447289804" clover="3.2.0">
  <project timestamp="1743447289804" name="All files">
    <metrics statements="9" coveredstatements="9" conditionals="4" coveredconditionals="4" methods="6" coveredmethods="6" elements="19" coveredelements="19" complexity="0" loc="9" ncloc="9" packages="1" files="1" classes="1"/>
    <file name="pilhaarray.js" path="/Users/wagner/WebstormProjects/pucrs-oop-dinamicas/aulas/aula09/pilhaarray.js">
      <metrics statements="9" coveredstatements="9" conditionals="4" coveredconditionals="4" methods="6" coveredmethods="6"/>
      <line num="12" count="6" type="stmt"/>
      <line num="16" count="5" type="stmt"/>
      <line num="20" count="2" type="cond" truecount="2" falsecount="0"/>
      <line num="21" count="1" type="stmt"/>
      <line num="25" count="4" type="cond" truecount="2" falsecount="0"/>
      <line num="26" count="3" type="stmt"/>
      <line num="30" count="4" type="stmt"/>
      <line num="34" count="8" type="stmt"/>
      <line num="38" count="1" type="stmt"/>
    </file>
  </project>
</coverage>
